{"/Users/reecemillsom/WebstormProjects/Simyra-test/packages/database/src/constants/index.ts": {"path":"/Users/reecemillsom/WebstormProjects/Simyra-test/packages/database/src/constants/index.ts","statementMap":{"0":{"start":{"line":1,"column":0},"end":{"line":1,"column":27}}},"fnMap":{},"branchMap":{},"s":{"0":1},"f":{},"b":{}}
,"/Users/reecemillsom/WebstormProjects/Simyra-test/packages/database/src/constants/database/databaseErrors.ts": {"path":"/Users/reecemillsom/WebstormProjects/Simyra-test/packages/database/src/constants/database/databaseErrors.ts","statementMap":{"0":{"start":{"line":1,"column":13},"end":{"line":5,"column":2}}},"fnMap":{},"branchMap":{},"s":{"0":1},"f":{},"b":{}}
,"/Users/reecemillsom/WebstormProjects/Simyra-test/packages/database/src/constants/database/databaseTestURI.ts": {"path":"/Users/reecemillsom/WebstormProjects/Simyra-test/packages/database/src/constants/database/databaseTestURI.ts","statementMap":{"0":{"start":{"line":1,"column":13},"end":{"line":1,"column":71}}},"fnMap":{},"branchMap":{},"s":{"0":1},"f":{},"b":{}}
,"/Users/reecemillsom/WebstormProjects/Simyra-test/packages/database/src/constants/database/databaseURI.ts": {"path":"/Users/reecemillsom/WebstormProjects/Simyra-test/packages/database/src/constants/database/databaseURI.ts","statementMap":{"0":{"start":{"line":1,"column":13},"end":{"line":1,"column":62}}},"fnMap":{},"branchMap":{},"s":{"0":1},"f":{},"b":{}}
,"/Users/reecemillsom/WebstormProjects/Simyra-test/packages/database/src/constants/database/index.ts": {"path":"/Users/reecemillsom/WebstormProjects/Simyra-test/packages/database/src/constants/database/index.ts","statementMap":{"0":{"start":{"line":1,"column":0},"end":{"line":1,"column":33}},"1":{"start":{"line":2,"column":0},"end":{"line":2,"column":34}},"2":{"start":{"line":3,"column":0},"end":{"line":3,"column":30}}},"fnMap":{},"branchMap":{},"s":{"0":1,"1":1,"2":1},"f":{},"b":{}}
,"/Users/reecemillsom/WebstormProjects/Simyra-test/packages/database/src/models/PhaseModel.ts": {"path":"/Users/reecemillsom/WebstormProjects/Simyra-test/packages/database/src/models/PhaseModel.ts","statementMap":{"0":{"start":{"line":1,"column":0},"end":{"line":1,"column":33}},"1":{"start":{"line":2,"column":0},"end":{"line":2,"column":41}},"2":{"start":{"line":4,"column":13},"end":{"line":4,"column":54}}},"fnMap":{},"branchMap":{},"s":{"0":1,"1":1,"2":1},"f":{},"b":{}}
,"/Users/reecemillsom/WebstormProjects/Simyra-test/packages/database/src/models/TaskModel.ts": {"path":"/Users/reecemillsom/WebstormProjects/Simyra-test/packages/database/src/models/TaskModel.ts","statementMap":{"0":{"start":{"line":1,"column":0},"end":{"line":1,"column":33}},"1":{"start":{"line":2,"column":0},"end":{"line":2,"column":40}},"2":{"start":{"line":4,"column":13},"end":{"line":4,"column":51}}},"fnMap":{},"branchMap":{},"s":{"0":1,"1":1,"2":1},"f":{},"b":{}}
,"/Users/reecemillsom/WebstormProjects/Simyra-test/packages/database/src/models/index.ts": {"path":"/Users/reecemillsom/WebstormProjects/Simyra-test/packages/database/src/models/index.ts","statementMap":{"0":{"start":{"line":1,"column":0},"end":{"line":1,"column":29}},"1":{"start":{"line":2,"column":0},"end":{"line":2,"column":28}}},"fnMap":{},"branchMap":{},"s":{"0":1,"1":1},"f":{},"b":{}}
,"/Users/reecemillsom/WebstormProjects/Simyra-test/packages/database/src/repos/PhaseRepo.ts": {"path":"/Users/reecemillsom/WebstormProjects/Simyra-test/packages/database/src/repos/PhaseRepo.ts","statementMap":{"0":{"start":{"line":2,"column":0},"end":{"line":2,"column":33}},"1":{"start":{"line":6,"column":7},"end":{"line":61,"column":null}},"2":{"start":{"line":7,"column":22},"end":{"line":7,"column":46}},"3":{"start":{"line":10,"column":4},"end":{"line":10,"column":45}},"4":{"start":{"line":14,"column":4},"end":{"line":14,"column":34}},"5":{"start":{"line":18,"column":4},"end":{"line":18,"column":40}},"6":{"start":{"line":22,"column":4},"end":{"line":30,"column":6}},"7":{"start":{"line":38,"column":4},"end":{"line":49,"column":6}},"8":{"start":{"line":55,"column":4},"end":{"line":59,"column":6}},"9":{"start":{"line":6,"column":13},"end":{"line":61,"column":null}},"10":{"start":{"line":6,"column":13},"end":{"line":6,"column":22}}},"fnMap":{"0":{"name":"(anonymous_1)","decl":{"start":{"line":7,"column":2},"end":{"line":7,"column":22}},"loc":{"start":{"line":7,"column":46},"end":{"line":7,"column":50}}},"1":{"name":"(anonymous_2)","decl":{"start":{"line":9,"column":9},"end":{"line":9,"column":14}},"loc":{"start":{"line":9,"column":34},"end":{"line":11,"column":3}}},"2":{"name":"(anonymous_3)","decl":{"start":{"line":13,"column":9},"end":{"line":13,"column":14}},"loc":{"start":{"line":13,"column":19},"end":{"line":15,"column":3}}},"3":{"name":"(anonymous_4)","decl":{"start":{"line":17,"column":9},"end":{"line":17,"column":14}},"loc":{"start":{"line":17,"column":47},"end":{"line":19,"column":3}}},"4":{"name":"(anonymous_5)","decl":{"start":{"line":21,"column":9},"end":{"line":21,"column":14}},"loc":{"start":{"line":21,"column":67},"end":{"line":31,"column":3}}},"5":{"name":"(anonymous_6)","decl":{"start":{"line":33,"column":9},"end":{"line":33,"column":14}},"loc":{"start":{"line":36,"column":33},"end":{"line":50,"column":3}}},"6":{"name":"(anonymous_7)","decl":{"start":{"line":52,"column":9},"end":{"line":52,"column":14}},"loc":{"start":{"line":53,"column":42},"end":{"line":60,"column":3}}}},"branchMap":{},"s":{"0":1,"1":1,"2":7,"3":2,"4":1,"5":3,"6":1,"7":1,"8":1,"9":1,"10":1},"f":{"0":7,"1":2,"2":1,"3":3,"4":1,"5":1,"6":1},"b":{}}
,"/Users/reecemillsom/WebstormProjects/Simyra-test/packages/database/src/schemas/PhaseSchema.ts": {"path":"/Users/reecemillsom/WebstormProjects/Simyra-test/packages/database/src/schemas/PhaseSchema.ts","statementMap":{"0":{"start":{"line":1,"column":0},"end":{"line":1,"column":32}},"1":{"start":{"line":2,"column":23},"end":{"line":2,"column":61}},"2":{"start":{"line":4,"column":0},"end":{"line":4,"column":42}},"3":{"start":{"line":6,"column":19},"end":{"line":6,"column":27}},"4":{"start":{"line":8,"column":20},"end":{"line":13,"column":2}},"5":{"start":{"line":17,"column":9},"end":{"line":17,"column":20}},"6":{"start":{"line":15,"column":0},"end":{"line":15,"column":61}}},"fnMap":{},"branchMap":{},"s":{"0":1,"1":1,"2":1,"3":1,"4":1,"5":1,"6":1},"f":{},"b":{}}
,"/Users/reecemillsom/WebstormProjects/Simyra-test/packages/database/src/schemas/TaskSchema.ts": {"path":"/Users/reecemillsom/WebstormProjects/Simyra-test/packages/database/src/schemas/TaskSchema.ts","statementMap":{"0":{"start":{"line":1,"column":0},"end":{"line":1,"column":32}},"1":{"start":{"line":4,"column":19},"end":{"line":4,"column":27}},"2":{"start":{"line":6,"column":19},"end":{"line":9,"column":2}},"3":{"start":{"line":11,"column":9},"end":{"line":11,"column":19}}},"fnMap":{},"branchMap":{},"s":{"0":1,"1":1,"2":1,"3":1},"f":{},"b":{}}
,"/Users/reecemillsom/WebstormProjects/Simyra-test/packages/database/src/schemas/index.ts": {"path":"/Users/reecemillsom/WebstormProjects/Simyra-test/packages/database/src/schemas/index.ts","statementMap":{"0":{"start":{"line":1,"column":0},"end":{"line":1,"column":30}},"1":{"start":{"line":2,"column":0},"end":{"line":2,"column":29}}},"fnMap":{},"branchMap":{},"s":{"0":1,"1":1},"f":{},"b":{}}
,"/Users/reecemillsom/WebstormProjects/Simyra-test/packages/database/src/utils/connectToDb.ts": {"path":"/Users/reecemillsom/WebstormProjects/Simyra-test/packages/database/src/utils/connectToDb.ts","statementMap":{"0":{"start":{"line":1,"column":0},"end":{"line":1,"column":32}},"1":{"start":{"line":2,"column":0},"end":{"line":2,"column":59}},"2":{"start":{"line":3,"column":0},"end":{"line":3,"column":60}},"3":{"start":{"line":5,"column":32},"end":{"line":5,"column":40}},"4":{"start":{"line":8,"column":2},"end":{"line":14,"column":null}},"5":{"start":{"line":9,"column":4},"end":{"line":9,"column":28}},"6":{"start":{"line":11,"column":4},"end":{"line":13,"column":6}},"7":{"start":{"line":7,"column":0},"end":{"line":7,"column":7}},"8":{"start":{"line":17,"column":0},"end":{"line":24,"column":3}},"9":{"start":{"line":18,"column":2},"end":{"line":23,"column":4}}},"fnMap":{"0":{"name":"connectToDb","decl":{"start":{"line":7,"column":22},"end":{"line":7,"column":33}},"loc":{"start":{"line":7,"column":64},"end":{"line":15,"column":1}}},"1":{"name":"(anonymous_2)","decl":{"start":{"line":17,"column":23},"end":{"line":17,"column":24}},"loc":{"start":{"line":17,"column":33},"end":{"line":24,"column":1}}}},"branchMap":{"0":{"loc":{"start":{"line":7,"column":34},"end":{"line":7,"column":64}},"type":"default-arg","locations":[{"start":{"line":7,"column":53},"end":{"line":7,"column":64}}]}},"s":{"0":1,"1":1,"2":1,"3":1,"4":1,"5":1,"6":0,"7":1,"8":1,"9":0},"f":{"0":1,"1":0},"b":{"0":[0]}}
,"/Users/reecemillsom/WebstormProjects/Simyra-test/packages/database/src/utils/disconnectDb.ts": {"path":"/Users/reecemillsom/WebstormProjects/Simyra-test/packages/database/src/utils/disconnectDb.ts","statementMap":{"0":{"start":{"line":1,"column":0},"end":{"line":1,"column":32}},"1":{"start":{"line":4,"column":2},"end":{"line":4,"column":30}},"2":{"start":{"line":3,"column":0},"end":{"line":3,"column":7}}},"fnMap":{"0":{"name":"disconnectDb","decl":{"start":{"line":3,"column":22},"end":{"line":3,"column":34}},"loc":{"start":{"line":3,"column":34},"end":{"line":5,"column":1}}}},"branchMap":{},"s":{"0":1,"1":1,"2":1},"f":{"0":1},"b":{}}
,"/Users/reecemillsom/WebstormProjects/Simyra-test/packages/database/src/utils/dropCollections.ts": {"path":"/Users/reecemillsom/WebstormProjects/Simyra-test/packages/database/src/utils/dropCollections.ts","statementMap":{"0":{"start":{"line":1,"column":0},"end":{"line":1,"column":32}},"1":{"start":{"line":3,"column":23},"end":{"line":3,"column":31}},"2":{"start":{"line":6,"column":22},"end":{"line":6,"column":55}},"3":{"start":{"line":7,"column":26},"end":{"line":7,"column":76}},"4":{"start":{"line":7,"column":58},"end":{"line":7,"column":75}},"5":{"start":{"line":9,"column":2},"end":{"line":9,"column":37}},"6":{"start":{"line":5,"column":0},"end":{"line":5,"column":7}}},"fnMap":{"0":{"name":"dropCollections","decl":{"start":{"line":5,"column":22},"end":{"line":5,"column":37}},"loc":{"start":{"line":5,"column":37},"end":{"line":10,"column":1}}},"1":{"name":"(anonymous_2)","decl":{"start":{"line":7,"column":42},"end":{"line":7,"column":43}},"loc":{"start":{"line":7,"column":58},"end":{"line":7,"column":75}}}},"branchMap":{},"s":{"0":1,"1":1,"2":7,"3":7,"4":15,"5":7,"6":1},"f":{"0":7,"1":15},"b":{}}
,"/Users/reecemillsom/WebstormProjects/Simyra-test/packages/database/src/utils/index.ts": {"path":"/Users/reecemillsom/WebstormProjects/Simyra-test/packages/database/src/utils/index.ts","statementMap":{"0":{"start":{"line":1,"column":0},"end":{"line":1,"column":30}},"1":{"start":{"line":2,"column":0},"end":{"line":2,"column":31}},"2":{"start":{"line":3,"column":0},"end":{"line":3,"column":34}},"3":{"start":{"line":4,"column":0},"end":{"line":4,"column":38}}},"fnMap":{},"branchMap":{},"s":{"0":1,"1":1,"2":1,"3":1},"f":{},"b":{}}
,"/Users/reecemillsom/WebstormProjects/Simyra-test/packages/database/src/utils/replaceTextInString.ts": {"path":"/Users/reecemillsom/WebstormProjects/Simyra-test/packages/database/src/utils/replaceTextInString.ts","statementMap":{"0":{"start":{"line":2,"column":2},"end":{"line":4,"column":4}},"1":{"start":{"line":3,"column":4},"end":{"line":3,"column":47}},"2":{"start":{"line":1,"column":0},"end":{"line":1,"column":16}}},"fnMap":{"0":{"name":"replaceTextInString","decl":{"start":{"line":1,"column":16},"end":{"line":1,"column":35}},"loc":{"start":{"line":1,"column":56},"end":{"line":5,"column":1}}},"1":{"name":"(anonymous_1)","decl":{"start":{"line":2,"column":9},"end":{"line":2,"column":19}},"loc":{"start":{"line":2,"column":24},"end":{"line":4,"column":3}}}},"branchMap":{},"s":{"0":1,"1":1,"2":2},"f":{"0":1,"1":1},"b":{}}
}
