TN:
SF:src/constants/index.ts
FNF:0
FNH:0
DA:1,1
LF:1
LH:1
BRF:0
BRH:0
end_of_record
TN:
SF:src/constants/database/databaseErrors.ts
FNF:0
FNH:0
DA:1,1
LF:1
LH:1
BRF:0
BRH:0
end_of_record
TN:
SF:src/constants/database/databaseTestURI.ts
FNF:0
FNH:0
DA:1,1
LF:1
LH:1
BRF:0
BRH:0
end_of_record
TN:
SF:src/constants/database/databaseURI.ts
FNF:0
FNH:0
DA:1,1
LF:1
LH:1
BRF:0
BRH:0
end_of_record
TN:
SF:src/constants/database/index.ts
FNF:0
FNH:0
DA:1,1
DA:2,1
DA:3,1
LF:3
LH:3
BRF:0
BRH:0
end_of_record
TN:
SF:src/models/PhaseModel.ts
FNF:0
FNH:0
DA:1,1
DA:2,1
DA:4,1
LF:3
LH:3
BRF:0
BRH:0
end_of_record
TN:
SF:src/models/TaskModel.ts
FNF:0
FNH:0
DA:1,1
DA:2,1
DA:4,1
LF:3
LH:3
BRF:0
BRH:0
end_of_record
TN:
SF:src/models/index.ts
FNF:0
FNH:0
DA:1,1
DA:2,1
LF:2
LH:2
BRF:0
BRH:0
end_of_record
TN:
SF:src/repos/PhaseRepo.ts
FN:7,(anonymous_1)
FN:9,(anonymous_2)
FN:13,(anonymous_3)
FN:17,(anonymous_4)
FN:21,(anonymous_5)
FN:33,(anonymous_6)
FN:52,(anonymous_7)
FNF:7
FNH:7
FNDA:7,(anonymous_1)
FNDA:2,(anonymous_2)
FNDA:1,(anonymous_3)
FNDA:3,(anonymous_4)
FNDA:1,(anonymous_5)
FNDA:1,(anonymous_6)
FNDA:1,(anonymous_7)
DA:2,1
DA:6,1
DA:7,7
DA:10,2
DA:14,1
DA:18,3
DA:22,1
DA:38,1
DA:55,1
LF:9
LH:9
BRF:0
BRH:0
end_of_record
TN:
SF:src/schemas/PhaseSchema.ts
FNF:0
FNH:0
DA:1,1
DA:2,1
DA:4,1
DA:6,1
DA:8,1
DA:15,1
DA:17,1
LF:7
LH:7
BRF:0
BRH:0
end_of_record
TN:
SF:src/schemas/TaskSchema.ts
FNF:0
FNH:0
DA:1,1
DA:4,1
DA:6,1
DA:11,1
LF:4
LH:4
BRF:0
BRH:0
end_of_record
TN:
SF:src/schemas/index.ts
FNF:0
FNH:0
DA:1,1
DA:2,1
LF:2
LH:2
BRF:0
BRH:0
end_of_record
TN:
SF:src/utils/connectToDb.ts
FN:7,connectToDb
FN:17,(anonymous_2)
FNF:2
FNH:1
FNDA:1,connectToDb
FNDA:0,(anonymous_2)
DA:1,1
DA:2,1
DA:3,1
DA:5,1
DA:7,1
DA:8,1
DA:9,1
DA:11,0
DA:17,1
DA:18,0
LF:10
LH:8
BRDA:7,0,0,0
BRF:1
BRH:0
end_of_record
TN:
SF:src/utils/disconnectDb.ts
FN:3,disconnectDb
FNF:1
FNH:1
FNDA:1,disconnectDb
DA:1,1
DA:3,1
DA:4,1
LF:3
LH:3
BRF:0
BRH:0
end_of_record
TN:
SF:src/utils/dropCollections.ts
FN:5,dropCollections
FN:7,(anonymous_2)
FNF:2
FNH:2
FNDA:7,dropCollections
FNDA:15,(anonymous_2)
DA:1,1
DA:3,1
DA:5,1
DA:6,7
DA:7,15
DA:9,7
LF:6
LH:6
BRF:0
BRH:0
end_of_record
TN:
SF:src/utils/index.ts
FNF:0
FNH:0
DA:1,1
DA:2,1
DA:3,1
DA:4,1
LF:4
LH:4
BRF:0
BRH:0
end_of_record
TN:
SF:src/utils/replaceTextInString.ts
FN:1,replaceTextInString
FN:2,(anonymous_1)
FNF:2
FNH:2
FNDA:1,replaceTextInString
FNDA:1,(anonymous_1)
DA:1,2
DA:2,1
DA:3,1
LF:3
LH:3
BRF:0
BRH:0
end_of_record
